<?xml version="1.0" encoding="UTF-8"?>
<testng-results ignored="0" total="1" passed="1" failed="0" skipped="0">
  <reporter-output>
  </reporter-output>
  <suite started-at="2022-10-16T21:37:13 IST" name="Default suite" finished-at="2022-10-16T21:37:20 IST" duration-ms="7274">
    <groups>
    </groups>
    <test started-at="2022-10-16T21:37:13 IST" name="Default test" finished-at="2022-10-16T21:37:20 IST" duration-ms="7274">
      <class name="testcases.launchURL">
        <test-method signature="urlTest()[pri:0, instance:testcases.launchURL@449a4f23]" started-at="2022-10-16T21:37:13 IST" name="urlTest" finished-at="2022-10-16T21:37:20 IST" duration-ms="7163" status="PASS">
          <reporter-output>
          </reporter-output>
        </test-method> <!-- urlTest -->
      </class> <!-- testcases.launchURL -->
    </test> <!-- Default test -->
  </suite> <!-- Default suite -->
</testng-results>
