<?xml version="1.0" encoding="UTF-8"?>
<!-- Generated by org.testng.reporters.JUnitXMLReporter -->
<testsuite ignored="0" hostname="Vignesh" failures="0" tests="4" name="Test" time="0.107" errors="0" timestamp="2022-10-16T19:26:16 IST">
  <testcase classname="TestNG_Eg.Parameterization_Eg" name="diff" time="0.011"/>
  <testcase classname="TestNG_Eg.Parameterization_Eg" name="div" time="0.002"/>
  <testcase classname="TestNG_Eg.Parameterization_Eg" name="mul" time="0.001"/>
  <testcase classname="TestNG_Eg.Parameterization_Eg" name="sum" time="0.001"/>
</testsuite> <!-- Test -->
