<?xml version="1.0" encoding="UTF-8"?>
<!-- Generated by org.testng.reporters.JUnitXMLReporter -->
<testsuite ignored="2" hostname="Vignesh" failures="3" tests="3" name="Test" time="0.132" errors="0" timestamp="2022-10-15T21:37:52 IST">
  <testcase classname="TestNG_Eg.SeleniumEg" name="launch" time="0.016">
    <failure type="java.lang.NullPointerException">
      <![CDATA[java.lang.NullPointerException
at TestNG_Eg.SeleniumEg.launch(SeleniumEg.java:33)
at java.base/java.util.ArrayList.forEach(ArrayList.java:1540)
... Removed 27 stack frames]]>
    </failure>
  </testcase> <!-- launch -->
  <testcase classname="TestNG_Eg.SeleniumEg" name="launchBing" time="0.002">
    <failure type="java.lang.NullPointerException">
      <![CDATA[java.lang.NullPointerException
at TestNG_Eg.SeleniumEg.launchBing(SeleniumEg.java:45)
at java.base/java.util.ArrayList.forEach(ArrayList.java:1540)
... Removed 27 stack frames]]>
    </failure>
  </testcase> <!-- launchBing -->
  <testcase classname="TestNG_Eg.SeleniumEg" name="launchGoogle" time="0.002">
    <failure type="java.lang.NullPointerException">
      <![CDATA[java.lang.NullPointerException
at TestNG_Eg.SeleniumEg.launchGoogle(SeleniumEg.java:39)
at java.base/java.util.ArrayList.forEach(ArrayList.java:1540)
... Removed 27 stack frames]]>
    </failure>
  </testcase> <!-- launchGoogle -->
  <testcase classname="TestNG_Eg.SeleniumEg" name="launchAmazon" time="0.0">
    <ignored/>
  </testcase> <!-- launchAmazon -->
  <testcase classname="TestNG_Eg.SeleniumEg" name="launchEbay" time="0.0">
    <ignored/>
  </testcase> <!-- launchEbay -->
</testsuite> <!-- Test -->
