<?xml version="1.0" encoding="UTF-8"?>
<testng-results ignored="0" total="10" passed="10" failed="0" skipped="0">
  <reporter-output>
  </reporter-output>
  <suite started-at="2022-10-16T20:20:26 IST" name="Default suite" finished-at="2022-10-16T20:20:47 IST" duration-ms="21263">
    <groups>
      <group name="searchengine">
        <method signature="SeleniumEg.launch()[pri:0, instance:TestNG_Eg.SeleniumEg@2d901eb0]" name="launch" class="TestNG_Eg.SeleniumEg"/>
        <method signature="SeleniumEg.launchBing()[pri:0, instance:TestNG_Eg.SeleniumEg@2d901eb0]" name="launchBing" class="TestNG_Eg.SeleniumEg"/>
        <method signature="SeleniumEg.launchGoogle()[pri:0, instance:TestNG_Eg.SeleniumEg@2d901eb0]" name="launchGoogle" class="TestNG_Eg.SeleniumEg"/>
        <method signature="depends_ongrps.launch()[pri:0, instance:TestNG_Eg.depends_ongrps@15043a2f]" name="launch" class="TestNG_Eg.depends_ongrps"/>
        <method signature="depends_ongrps.launchBing()[pri:0, instance:TestNG_Eg.depends_ongrps@15043a2f]" name="launchBing" class="TestNG_Eg.depends_ongrps"/>
        <method signature="depends_ongrps.launchGoogle()[pri:0, instance:TestNG_Eg.depends_ongrps@15043a2f]" name="launchGoogle" class="TestNG_Eg.depends_ongrps"/>
      </group> <!-- searchengine -->
      <group name="ecommerce">
        <method signature="SeleniumEg.launchAmazon()[pri:0, instance:TestNG_Eg.SeleniumEg@2d901eb0]" name="launchAmazon" class="TestNG_Eg.SeleniumEg"/>
        <method signature="SeleniumEg.launchEbay()[pri:0, instance:TestNG_Eg.SeleniumEg@2d901eb0]" name="launchEbay" class="TestNG_Eg.SeleniumEg"/>
      </group> <!-- ecommerce -->
    </groups>
    <test started-at="2022-10-16T20:20:26 IST" name="Default test" finished-at="2022-10-16T20:20:47 IST" duration-ms="21263">
      <class name="TestNG_Eg.depends_ongrps">
        <test-method is-config="true" signature="initDriver()[pri:0, instance:TestNG_Eg.depends_ongrps@15043a2f]" started-at="2022-10-16T20:20:26 IST" name="initDriver" finished-at="2022-10-16T20:20:30 IST" duration-ms="4338" status="PASS">
          <reporter-output>
          </reporter-output>
        </test-method> <!-- initDriver -->
        <test-method signature="launch()[pri:0, instance:TestNG_Eg.depends_ongrps@15043a2f]" started-at="2022-10-16T20:20:30 IST" name="launch" finished-at="2022-10-16T20:20:31 IST" duration-ms="761" status="PASS">
          <reporter-output>
          </reporter-output>
        </test-method> <!-- launch -->
        <test-method signature="launchBing()[pri:0, instance:TestNG_Eg.depends_ongrps@15043a2f]" started-at="2022-10-16T20:20:31 IST" name="launchBing" finished-at="2022-10-16T20:20:32 IST" duration-ms="371" status="PASS">
          <reporter-output>
          </reporter-output>
        </test-method> <!-- launchBing -->
        <test-method signature="launchGoogle()[pri:0, instance:TestNG_Eg.depends_ongrps@15043a2f]" started-at="2022-10-16T20:20:32 IST" name="launchGoogle" finished-at="2022-10-16T20:20:33 IST" duration-ms="1207" status="PASS">
          <reporter-output>
          </reporter-output>
        </test-method> <!-- launchGoogle -->
        <test-method signature="launchAmazon()[pri:0, instance:TestNG_Eg.depends_ongrps@15043a2f]" started-at="2022-10-16T20:20:42 IST" name="launchAmazon" depends-on-groups="searchengine" finished-at="2022-10-16T20:20:44 IST" duration-ms="2423" status="PASS">
          <reporter-output>
          </reporter-output>
        </test-method> <!-- launchAmazon -->
        <test-method signature="launchEbay()[pri:0, instance:TestNG_Eg.depends_ongrps@15043a2f]" started-at="2022-10-16T20:20:44 IST" name="launchEbay" depends-on-groups="searchengine" finished-at="2022-10-16T20:20:46 IST" duration-ms="2017" status="PASS">
          <reporter-output>
          </reporter-output>
        </test-method> <!-- launchEbay -->
        <test-method is-config="true" signature="cleanup()[pri:0, instance:TestNG_Eg.depends_ongrps@15043a2f]" started-at="2022-10-16T20:20:46 IST" name="cleanup" finished-at="2022-10-16T20:20:47 IST" duration-ms="889" status="PASS">
          <reporter-output>
          </reporter-output>
        </test-method> <!-- cleanup -->
      </class> <!-- TestNG_Eg.depends_ongrps -->
      <class name="TestNG_Eg.SeleniumEg">
        <test-method is-config="true" signature="initDriver()[pri:0, instance:TestNG_Eg.SeleniumEg@2d901eb0]" started-at="2022-10-16T20:20:33 IST" name="initDriver" finished-at="2022-10-16T20:20:34 IST" duration-ms="1550" status="PASS">
          <reporter-output>
          </reporter-output>
        </test-method> <!-- initDriver -->
        <test-method signature="launch()[pri:0, instance:TestNG_Eg.SeleniumEg@2d901eb0]" started-at="2022-10-16T20:20:34 IST" name="launch" finished-at="2022-10-16T20:20:35 IST" duration-ms="724" status="PASS">
          <reporter-output>
          </reporter-output>
        </test-method> <!-- launch -->
        <test-method signature="launchAmazon()[pri:0, instance:TestNG_Eg.SeleniumEg@2d901eb0]" started-at="2022-10-16T20:20:35 IST" name="launchAmazon" finished-at="2022-10-16T20:20:37 IST" duration-ms="2090" status="PASS">
          <reporter-output>
          </reporter-output>
        </test-method> <!-- launchAmazon -->
        <test-method signature="launchBing()[pri:0, instance:TestNG_Eg.SeleniumEg@2d901eb0]" started-at="2022-10-16T20:20:37 IST" name="launchBing" finished-at="2022-10-16T20:20:38 IST" duration-ms="444" status="PASS">
          <reporter-output>
          </reporter-output>
        </test-method> <!-- launchBing -->
        <test-method signature="launchEbay()[pri:0, instance:TestNG_Eg.SeleniumEg@2d901eb0]" started-at="2022-10-16T20:20:38 IST" name="launchEbay" finished-at="2022-10-16T20:20:40 IST" duration-ms="2061" status="PASS">
          <reporter-output>
          </reporter-output>
        </test-method> <!-- launchEbay -->
        <test-method signature="launchGoogle()[pri:0, instance:TestNG_Eg.SeleniumEg@2d901eb0]" started-at="2022-10-16T20:20:40 IST" name="launchGoogle" finished-at="2022-10-16T20:20:41 IST" duration-ms="1296" status="PASS">
          <reporter-output>
          </reporter-output>
        </test-method> <!-- launchGoogle -->
        <test-method is-config="true" signature="cleanup()[pri:0, instance:TestNG_Eg.SeleniumEg@2d901eb0]" started-at="2022-10-16T20:20:41 IST" name="cleanup" finished-at="2022-10-16T20:20:42 IST" duration-ms="929" status="PASS">
          <reporter-output>
          </reporter-output>
        </test-method> <!-- cleanup -->
      </class> <!-- TestNG_Eg.SeleniumEg -->
    </test> <!-- Default test -->
  </suite> <!-- Default suite -->
</testng-results>
