<?xml version="1.0" encoding="UTF-8"?>
<!-- Generated by org.testng.reporters.JUnitXMLReporter -->
<testsuite ignored="0" hostname="Vignesh" failures="0" tests="10" name="Default test" time="21.263" errors="0" timestamp="2022-10-16T20:20:47 IST">
  <testcase classname="TestNG_Eg.depends_ongrps" name="launch" time="0.761"/>
  <testcase classname="TestNG_Eg.depends_ongrps" name="launchBing" time="0.371"/>
  <testcase classname="TestNG_Eg.depends_ongrps" name="launchGoogle" time="1.207"/>
  <testcase classname="TestNG_Eg.SeleniumEg" name="launch" time="0.724"/>
  <testcase classname="TestNG_Eg.SeleniumEg" name="launchAmazon" time="2.09"/>
  <testcase classname="TestNG_Eg.SeleniumEg" name="launchBing" time="0.444"/>
  <testcase classname="TestNG_Eg.SeleniumEg" name="launchEbay" time="2.061"/>
  <testcase classname="TestNG_Eg.SeleniumEg" name="launchGoogle" time="1.296"/>
  <testcase classname="TestNG_Eg.depends_ongrps" name="launchAmazon" time="2.423"/>
  <testcase classname="TestNG_Eg.depends_ongrps" name="launchEbay" time="2.017"/>
</testsuite> <!-- Default test -->
