<?xml version="1.0" encoding="UTF-8"?>
<!-- Generated by org.testng.reporters.JUnitXMLReporter -->
<testsuite ignored="0" hostname="Vignesh" failures="0" tests="5" name="Default test" time="11.523" errors="0" timestamp="2022-10-15T21:48:17 IST">
  <testcase classname="TestNG_Eg.SeleniumEg" name="launch" time="0.799"/>
  <testcase classname="TestNG_Eg.SeleniumEg" name="launchAmazon" time="2.27"/>
  <testcase classname="TestNG_Eg.SeleniumEg" name="launchBing" time="0.467"/>
  <testcase classname="TestNG_Eg.SeleniumEg" name="launchEbay" time="1.979"/>
  <testcase classname="TestNG_Eg.SeleniumEg" name="launchGoogle" time="1.192"/>
</testsuite> <!-- Default test -->
